<?xml version="1.0" encoding="UTF-8"?>
<testsuite name="imyeom_lck.match_schedule.service.MatchScheduleServiceTest" tests="1" skipped="0" failures="0" errors="0" timestamp="2024-04-05T00:38:06" hostname="1-09" time="0.379">
  <properties/>
  <testcase name="getAllMatches()" classname="imyeom_lck.match_schedule.service.MatchScheduleServiceTest" time="0.379"/>
  <system-out><![CDATA[]]></system-out>
  <system-err><![CDATA[]]></system-err>
</testsuite>
