<?xml version="1.0" encoding="UTF-8"?>
<testsuite name="imyeom_lck.member.service.MemberServiceTest" tests="5" skipped="0" failures="0" errors="0" timestamp="2024-04-05T00:38:10" hostname="1-09" time="0.208">
  <properties/>
  <testcase name="getMemberDetails()" classname="imyeom_lck.member.service.MemberServiceTest" time="0.181"/>
  <testcase name="signUp()" classname="imyeom_lck.member.service.MemberServiceTest" time="0.006"/>
  <testcase name="updatemember()" classname="imyeom_lck.member.service.MemberServiceTest" time="0.005"/>
  <testcase name="deletemember()" classname="imyeom_lck.member.service.MemberServiceTest" time="0.004"/>
  <testcase name="getMemberId()" classname="imyeom_lck.member.service.MemberServiceTest" time="0.006"/>
  <system-out><![CDATA[]]></system-out>
  <system-err><![CDATA[]]></system-err>
</testsuite>
