<?xml version="1.0" encoding="UTF-8"?>
<testsuite name="imyeom_lck.ImyeomsuLckApplicationTests" tests="1" skipped="0" failures="0" errors="0" timestamp="2024-04-05T00:38:00" hostname="1-09" time="1.045">
  <properties/>
  <testcase name="contextLoads()" classname="imyeom_lck.ImyeomsuLckApplicationTests" time="1.045"/>
  <system-out><![CDATA[09:37:43.129 [Test worker] INFO org.springframework.test.context.support.AnnotationConfigContextLoaderUtils -- Could not detect default configuration classes for test class [imyeom_lck.ImyeomsuLckApplicationTests]: ImyeomsuLckApplicationTests does not declare any static, non-private, non-final, nested classes annotated with @Configuration.
09:37:43.786 [Test worker] INFO org.springframework.boot.test.context.SpringBootTestContextBootstrapper -- Found @SpringBootConfiguration imyeom_lck.ImyeomsuLckApplication for test class imyeom_lck.ImyeomsuLckApplicationTests

  .   ____          _            __ _ _
 /\\ / ___'_ __ _ _(_)_ __  __ _ \ \ \ \
( ( )\___ | '_ | '_| | '_ \/ _` | \ \ \ \
 \\/  ___)| |_)| | | | | || (_| |  ) ) ) )
  '  |____| .__|_| |_|_| |_\__, | / / / /
 =========|_|==============|___/=/_/_/_/
 :: Spring Boot ::                (v3.2.4)

2024-04-05T09:37:46.905+09:00  INFO 17516 --- [imyeomsu-lck] [    Test worker] imyeom_lck.ImyeomsuLckApplicationTests   : Starting ImyeomsuLckApplicationTests using Java 17 with PID 17516 (started by Admin in C:\Users\Admin\Documents\GitHub\imyeomsu-lck)
2024-04-05T09:37:46.908+09:00  INFO 17516 --- [imyeomsu-lck] [    Test worker] imyeom_lck.ImyeomsuLckApplicationTests   : The following 1 profile is active: "local"
2024-04-05T09:37:49.112+09:00  INFO 17516 --- [imyeomsu-lck] [    Test worker] .s.d.r.c.RepositoryConfigurationDelegate : Bootstrapping Spring Data JPA repositories in DEFAULT mode.
2024-04-05T09:37:49.340+09:00  INFO 17516 --- [imyeomsu-lck] [    Test worker] .s.d.r.c.RepositoryConfigurationDelegate : Finished Spring Data repository scanning in 206 ms. Found 14 JPA repository interfaces.
2024-04-05T09:37:50.484+09:00  INFO 17516 --- [imyeomsu-lck] [    Test worker] o.hibernate.jpa.internal.util.LogHelper  : HHH000204: Processing PersistenceUnitInfo [name: default]
2024-04-05T09:37:50.658+09:00  INFO 17516 --- [imyeomsu-lck] [    Test worker] org.hibernate.Version                    : HHH000412: Hibernate ORM core version 6.4.4.Final
2024-04-05T09:37:50.749+09:00  INFO 17516 --- [imyeomsu-lck] [    Test worker] o.h.c.internal.RegionFactoryInitiator    : HHH000026: Second-level cache disabled
2024-04-05T09:37:51.431+09:00  INFO 17516 --- [imyeomsu-lck] [    Test worker] o.s.o.j.p.SpringPersistenceUnitInfo      : No LoadTimeWeaver setup: ignoring JPA class transformer
2024-04-05T09:37:51.517+09:00  INFO 17516 --- [imyeomsu-lck] [    Test worker] com.zaxxer.hikari.HikariDataSource       : HikariPool-1 - Starting...
2024-04-05T09:37:52.105+09:00  INFO 17516 --- [imyeomsu-lck] [    Test worker] com.zaxxer.hikari.pool.HikariPool        : HikariPool-1 - Added connection com.mysql.cj.jdbc.ConnectionImpl@72a14347
2024-04-05T09:37:52.110+09:00  INFO 17516 --- [imyeomsu-lck] [    Test worker] com.zaxxer.hikari.HikariDataSource       : HikariPool-1 - Start completed.
2024-04-05T09:37:52.223+09:00  WARN 17516 --- [imyeomsu-lck] [    Test worker] org.hibernate.orm.deprecation            : HHH90000025: MySQL8Dialect does not need to be specified explicitly using 'hibernate.dialect' (remove the property setting and it will be selected by default)
2024-04-05T09:37:52.225+09:00  WARN 17516 --- [imyeomsu-lck] [    Test worker] org.hibernate.orm.deprecation            : HHH90000026: MySQL8Dialect has been deprecated; use org.hibernate.dialect.MySQLDialect instead
2024-04-05T09:37:55.391+09:00  INFO 17516 --- [imyeomsu-lck] [    Test worker] o.h.e.t.j.p.i.JtaPlatformInitiator       : HHH000489: No JTA platform available (set 'hibernate.transaction.jta.platform' to enable JTA platform integration)
2024-04-05T09:37:55.656+09:00  INFO 17516 --- [imyeomsu-lck] [    Test worker] j.LocalContainerEntityManagerFactoryBean : Initialized JPA EntityManagerFactory for persistence unit 'default'
2024-04-05T09:37:56.964+09:00  WARN 17516 --- [imyeomsu-lck] [    Test worker] JpaBaseConfiguration$JpaWebConfiguration : spring.jpa.open-in-view is enabled by default. Therefore, database queries may be performed during view rendering. Explicitly configure spring.jpa.open-in-view to disable this warning
2024-04-05T09:37:57.005+09:00  INFO 17516 --- [imyeomsu-lck] [    Test worker] o.s.b.a.w.s.WelcomePageHandlerMapping    : Adding welcome page template: index
2024-04-05T09:38:00.455+09:00  INFO 17516 --- [imyeomsu-lck] [    Test worker] imyeom_lck.ImyeomsuLckApplicationTests   : Started ImyeomsuLckApplicationTests in 14.715 seconds (process running for 20.071)
]]></system-out>
  <system-err><![CDATA[]]></system-err>
</testsuite>
