<?xml version="1.0" encoding="UTF-8"?>
<testsuite name="imyeom_lck.member.repository.MemberRepositoryTest" tests="6" skipped="0" failures="0" errors="0" timestamp="2024-04-05T00:38:09" hostname="1-09" time="1.508">
  <properties/>
  <testcase name="member create test" classname="imyeom_lck.member.repository.MemberRepositoryTest" time="0.242"/>
  <testcase name="로그인Id로 회원Id 찾기 - 회원이 존재하는 경우" classname="imyeom_lck.member.repository.MemberRepositoryTest" time="1.187"/>
  <testcase name="로그인Id로 회원Id 찾기 - 회원이 존재하지 않는 경우" classname="imyeom_lck.member.repository.MemberRepositoryTest" time="0.018"/>
  <testcase name="회원Id로 회원 정보 조회 - 회원이 존재하는 경우" classname="imyeom_lck.member.repository.MemberRepositoryTest" time="0.014"/>
  <testcase name="SignUpRequest test" classname="imyeom_lck.member.repository.MemberRepositoryTest" time="0.012"/>
  <testcase name="회원Id로 회원 정보 조회 - 회원이 존재하지 않는 경우" classname="imyeom_lck.member.repository.MemberRepositoryTest" time="0.02"/>
  <system-out><![CDATA[2024-04-05T09:38:09.307+09:00  INFO 17516 --- [imyeomsu-lck] [    Test worker] t.c.s.AnnotationConfigContextLoaderUtils : Could not detect default configuration classes for test class [imyeom_lck.member.repository.MemberRepositoryTest]: MemberRepositoryTest does not declare any static, non-private, non-final, nested classes annotated with @Configuration.
2024-04-05T09:38:09.370+09:00  INFO 17516 --- [imyeomsu-lck] [    Test worker] .b.t.c.SpringBootTestContextBootstrapper : Found @SpringBootConfiguration imyeom_lck.ImyeomsuLckApplication for test class imyeom_lck.member.repository.MemberRepositoryTest
Hibernate: select next_val as id_val from sign_up_request_seq for update
Hibernate: update sign_up_request_seq set next_val= ? where next_val=?
Hibernate: select next_val as id_val from members_seq for update
Hibernate: update members_seq set next_val= ? where next_val=?
Hibernate: insert into members (cheering_team,connection_status,finance_id,is_alert,is_deleted,login_id,name,password,phone_number,point,member_id) values (?,?,?,?,?,?,?,?,?,?,?)
Hibernate: select m1_0.member_id,m1_0.cheering_team,m1_0.connection_status,m1_0.finance_id,m1_0.is_alert,m1_0.is_deleted,m1_0.login_id,m1_0.name,m1_0.password,m1_0.phone_number,m1_0.point from members m1_0 where (m1_0.IS_DELETED = 0) and m1_0.login_id=?
Hibernate: select m1_0.member_id,m1_0.cheering_team,m1_0.connection_status,m1_0.finance_id,m1_0.is_alert,m1_0.is_deleted,m1_0.login_id,m1_0.name,m1_0.password,m1_0.phone_number,m1_0.point from members m1_0 where (m1_0.IS_DELETED = 0) and m1_0.login_id=?
Hibernate: select m1_0.member_id,m1_0.cheering_team,m1_0.connection_status,m1_0.finance_id,m1_0.is_alert,m1_0.is_deleted,m1_0.login_id,m1_0.name,m1_0.password,m1_0.phone_number,m1_0.point from members m1_0 where m1_0.member_id=? and (m1_0.IS_DELETED = 0)
]]></system-out>
  <system-err><![CDATA[]]></system-err>
</testsuite>
