<?xml version="1.0" encoding="UTF-8"?>
<testsuite name="imyeom_lck.match_schedule.controller.MatchScheduleControllerTest" tests="1" skipped="0" failures="0" errors="0" timestamp="2024-04-05T00:38:03" hostname="1-09" time="0.595">
  <properties/>
  <testcase name="testGetAllMatches()" classname="imyeom_lck.match_schedule.controller.MatchScheduleControllerTest" time="0.595"/>
  <system-out><![CDATA[2024-04-05T09:38:01.555+09:00  INFO 17516 --- [imyeomsu-lck] [    Test worker] t.c.s.AnnotationConfigContextLoaderUtils : Could not detect default configuration classes for test class [imyeom_lck.match_schedule.controller.MatchScheduleControllerTest]: MatchScheduleControllerTest does not declare any static, non-private, non-final, nested classes annotated with @Configuration.
2024-04-05T09:38:01.608+09:00  INFO 17516 --- [imyeomsu-lck] [    Test worker] .b.t.c.SpringBootTestContextBootstrapper : Found @SpringBootConfiguration imyeom_lck.ImyeomsuLckApplication for test class imyeom_lck.match_schedule.controller.MatchScheduleControllerTest

  .   ____          _            __ _ _
 /\\ / ___'_ __ _ _(_)_ __  __ _ \ \ \ \
( ( )\___ | '_ | '_| | '_ \/ _` | \ \ \ \
 \\/  ___)| |_)| | | | | || (_| |  ) ) ) )
  '  |____| .__|_| |_|_| |_\__, | / / / /
 =========|_|==============|___/=/_/_/_/
 :: Spring Boot ::                (v3.2.4)

2024-04-05T09:38:01.665+09:00  INFO 17516 --- [imyeomsu-lck] [    Test worker] i.m.c.MatchScheduleControllerTest        : Starting MatchScheduleControllerTest using Java 17 with PID 17516 (started by Admin in C:\Users\Admin\Documents\GitHub\imyeomsu-lck)
2024-04-05T09:38:01.665+09:00  INFO 17516 --- [imyeomsu-lck] [    Test worker] i.m.c.MatchScheduleControllerTest        : The following 1 profile is active: "local"
2024-04-05T09:38:02.413+09:00  INFO 17516 --- [imyeomsu-lck] [    Test worker] o.s.b.a.w.s.WelcomePageHandlerMapping    : Adding welcome page template: index
2024-04-05T09:38:03.442+09:00  INFO 17516 --- [imyeomsu-lck] [    Test worker] o.s.b.t.m.w.SpringBootMockServletContext : Initializing Spring TestDispatcherServlet ''
2024-04-05T09:38:03.443+09:00  INFO 17516 --- [imyeomsu-lck] [    Test worker] o.s.t.web.servlet.TestDispatcherServlet  : Initializing Servlet ''
2024-04-05T09:38:03.448+09:00  INFO 17516 --- [imyeomsu-lck] [    Test worker] o.s.t.web.servlet.TestDispatcherServlet  : Completed initialization in 2 ms
2024-04-05T09:38:03.472+09:00  INFO 17516 --- [imyeomsu-lck] [    Test worker] i.m.c.MatchScheduleControllerTest        : Started MatchScheduleControllerTest in 1.857 seconds (process running for 23.087)
]]></system-out>
  <system-err><![CDATA[]]></system-err>
</testsuite>
