<?xml version="1.0" encoding="UTF-8"?>
<testsuite name="imyeom_lck.match_schedule.repository.MatchScheduleRepositoryTest" tests="1" skipped="1" failures="0" errors="0" timestamp="2024-04-05T00:38:06" hostname="1-09" time="0.001">
  <properties/>
  <testcase name="모든 경기 일정 조회" classname="imyeom_lck.match_schedule.repository.MatchScheduleRepositoryTest" time="0.001">
    <skipped/>
  </testcase>
  <system-out><![CDATA[2024-04-05T09:38:04.099+09:00  INFO 17516 --- [imyeomsu-lck] [    Test worker] t.c.s.AnnotationConfigContextLoaderUtils : Could not detect default configuration classes for test class [imyeom_lck.match_schedule.repository.MatchScheduleRepositoryTest]: MatchScheduleRepositoryTest does not declare any static, non-private, non-final, nested classes annotated with @Configuration.
2024-04-05T09:38:04.174+09:00  INFO 17516 --- [imyeomsu-lck] [    Test worker] .b.t.c.SpringBootTestContextBootstrapper : Found @SpringBootConfiguration imyeom_lck.ImyeomsuLckApplication for test class imyeom_lck.match_schedule.repository.MatchScheduleRepositoryTest

  .   ____          _            __ _ _
 /\\ / ___'_ __ _ _(_)_ __  __ _ \ \ \ \
( ( )\___ | '_ | '_| | '_ \/ _` | \ \ \ \
 \\/  ___)| |_)| | | | | || (_| |  ) ) ) )
  '  |____| .__|_| |_|_| |_\__, | / / / /
 =========|_|==============|___/=/_/_/_/
 :: Spring Boot ::                (v3.2.4)

2024-04-05T09:38:04.307+09:00  INFO 17516 --- [imyeomsu-lck] [    Test worker] i.m.r.MatchScheduleRepositoryTest        : Starting MatchScheduleRepositoryTest using Java 17 with PID 17516 (started by Admin in C:\Users\Admin\Documents\GitHub\imyeomsu-lck)
2024-04-05T09:38:04.308+09:00  INFO 17516 --- [imyeomsu-lck] [    Test worker] i.m.r.MatchScheduleRepositoryTest        : The following 1 profile is active: "local"
2024-04-05T09:38:04.668+09:00  INFO 17516 --- [imyeomsu-lck] [    Test worker] .s.d.r.c.RepositoryConfigurationDelegate : Bootstrapping Spring Data JPA repositories in DEFAULT mode.
2024-04-05T09:38:04.771+09:00  INFO 17516 --- [imyeomsu-lck] [    Test worker] .s.d.r.c.RepositoryConfigurationDelegate : Finished Spring Data repository scanning in 101 ms. Found 14 JPA repository interfaces.
2024-04-05T09:38:04.991+09:00  INFO 17516 --- [imyeomsu-lck] [    Test worker] o.hibernate.jpa.internal.util.LogHelper  : HHH000204: Processing PersistenceUnitInfo [name: default]
2024-04-05T09:38:05.006+09:00  INFO 17516 --- [imyeomsu-lck] [    Test worker] o.h.c.internal.RegionFactoryInitiator    : HHH000026: Second-level cache disabled
2024-04-05T09:38:05.024+09:00  INFO 17516 --- [imyeomsu-lck] [    Test worker] o.s.o.j.p.SpringPersistenceUnitInfo      : No LoadTimeWeaver setup: ignoring JPA class transformer
2024-04-05T09:38:05.026+09:00  INFO 17516 --- [imyeomsu-lck] [    Test worker] com.zaxxer.hikari.HikariDataSource       : HikariPool-2 - Starting...
2024-04-05T09:38:05.037+09:00  INFO 17516 --- [imyeomsu-lck] [    Test worker] com.zaxxer.hikari.pool.HikariPool        : HikariPool-2 - Added connection com.mysql.cj.jdbc.ConnectionImpl@5c66a6ea
2024-04-05T09:38:05.037+09:00  INFO 17516 --- [imyeomsu-lck] [    Test worker] com.zaxxer.hikari.HikariDataSource       : HikariPool-2 - Start completed.
2024-04-05T09:38:05.038+09:00  WARN 17516 --- [imyeomsu-lck] [    Test worker] org.hibernate.orm.deprecation            : HHH90000025: MySQL8Dialect does not need to be specified explicitly using 'hibernate.dialect' (remove the property setting and it will be selected by default)
2024-04-05T09:38:05.038+09:00  WARN 17516 --- [imyeomsu-lck] [    Test worker] org.hibernate.orm.deprecation            : HHH90000026: MySQL8Dialect has been deprecated; use org.hibernate.dialect.MySQLDialect instead
2024-04-05T09:38:05.587+09:00  INFO 17516 --- [imyeomsu-lck] [    Test worker] o.h.e.t.j.p.i.JtaPlatformInitiator       : HHH000489: No JTA platform available (set 'hibernate.transaction.jta.platform' to enable JTA platform integration)
2024-04-05T09:38:05.786+09:00  INFO 17516 --- [imyeomsu-lck] [    Test worker] j.LocalContainerEntityManagerFactoryBean : Initialized JPA EntityManagerFactory for persistence unit 'default'
2024-04-05T09:38:06.392+09:00  INFO 17516 --- [imyeomsu-lck] [    Test worker] i.m.r.MatchScheduleRepositoryTest        : Started MatchScheduleRepositoryTest in 2.207 seconds (process running for 26.007)
]]></system-out>
  <system-err><![CDATA[]]></system-err>
</testsuite>
